# JRE version: OpenJDK Runtime Environment Temurin-17.0.13+11 (17.0.13+11) (build 17.0.13+11)
# Java VM: OpenJDK 64-Bit Server VM Temurin-17.0.13+11 (17.0.13+11, mixed mode, tiered, compressed oops, compressed class ptrs, parallel gc, windows-amd64)
GC Precious Log:
 CPUs: 20 total, 20 available
 Memory: 16055M
 Large Page Support: Disabled
 NUMA Support: Disabled
 Compressed Oops: Enabled (32-bit)
 Alignments: Space 512K, Generation 512K, Heap 2M
 Heap Min Capacity: 100M
 Heap Initial Capacity: 100M
 Heap Max Capacity: 1G
 Pre-touch: Disabled
 Parallel Workers: 15
Heap:
 PSYoungGen      total 4096K, used 1984K [0x00000000eab00000, 0x00000000eb080000, 0x0000000100000000)
  eden space 2560K, 17% used [0x00000000eab00000,0x00000000eab70008,0x00000000ead80000)
  from space 1536K, 100% used [0x00000000ead80000,0x00000000eaf00000,0x00000000eaf00000)
  to   space 1536K, 0% used [0x00000000eaf00000,0x00000000eaf00000,0x00000000eb080000)
 ParOldGen       total 171520K, used 128909K [0x00000000c0000000, 0x00000000ca780000, 0x00000000eab00000)
  object space 171520K, 75% used [0x00000000c0000000,0x00000000c7de3538,0x00000000ca780000)
 Metaspace       used 99441K, committed 100672K, reserved 1179648K
  class space    used 9759K, committed 10304K, reserved 1048576K
GC Heap History (20 events):
Event: 10700.505 GC heap before
{Heap before GC invocations=4274 (full 60):
 PSYoungGen      total 3584K, used 3569K [0x00000000eab00000, 0x00000000eb380000, 0x0000000100000000)
  eden space 2560K, 100% used [0x00000000eab00000,0x00000000ead80000,0x00000000ead80000)
  from space 1024K, 98% used [0x00000000ead80000,0x00000000eae7c740,0x00000000eae80000)
  to   space 3072K, 0% used [0x00000000eb080000,0x00000000eb080000,0x00000000eb380000)
 ParOldGen       total 164352K, used 151372K [0x00000000c0000000, 0x00000000ca080000, 0x00000000eab00000)
  object space 164352K, 92% used [0x00000000c0000000,0x00000000c93d3140,0x00000000ca080000)
 Metaspace       used 99440K, committed 100672K, reserved 1179648K
  class space    used 9759K, committed 10304K, reserved 1048576K
}
Event: 10700.511 GC heap after
{Heap after GC invocations=4274 (full 60):
 PSYoungGen      total 5632K, used 2720K [0x00000000eab00000, 0x00000000eb380000, 0x0000000100000000)
  eden space 2560K, 0% used [0x00000000eab00000,0x00000000eab00000,0x00000000ead80000)
  from space 3072K, 88% used [0x00000000eb080000,0x00000000eb328000,0x00000000eb380000)
  to   space 3072K, 0% used [0x00000000ead80000,0x00000000ead80000,0x00000000eb080000)
 ParOldGen       total 164352K, used 152422K [0x00000000c0000000, 0x00000000ca080000, 0x00000000eab00000)
  object space 164352K, 92% used [0x00000000c0000000,0x00000000c94d9880,0x00000000ca080000)
 Metaspace       used 99440K, committed 100672K, reserved 1179648K
  class space    used 9759K, committed 10304K, reserved 1048576K
}
Event: 10700.521 GC heap before
{Heap before GC invocations=4275 (full 60):
 PSYoungGen      total 5632K, used 5280K [0x00000000eab00000, 0x00000000eb380000, 0x0000000100000000)
  eden space 2560K, 100% used [0x00000000eab00000,0x00000000ead80000,0x00000000ead80000)
  from space 3072K, 88% used [0x00000000eb080000,0x00000000eb328000,0x00000000eb380000)
  to   space 3072K, 0% used [0x00000000ead80000,0x00000000ead80000,0x00000000eb080000)
 ParOldGen       total 164352K, used 152422K [0x00000000c0000000, 0x00000000ca080000, 0x00000000eab00000)
  object space 164352K, 92% used [0x00000000c0000000,0x00000000c94d9880,0x00000000ca080000)
 Metaspace       used 99440K, committed 100672K, reserved 1179648K
  class space    used 9759K, committed 10304K, reserved 1048576K
}
Event: 10700.526 GC heap after
{Heap after GC invocations=4275 (full 60):
 PSYoungGen      total 5632K, used 2271K [0x00000000eab00000, 0x00000000eb300000, 0x0000000100000000)
  eden space 2560K, 0% used [0x00000000eab00000,0x00000000eab00000,0x00000000ead80000)
  from space 3072K, 73% used [0x00000000ead80000,0x00000000eafb7c98,0x00000000eb080000)
  to   space 2560K, 0% used [0x00000000eb080000,0x00000000eb080000,0x00000000eb300000)
 ParOldGen       total 164352K, used 154982K [0x00000000c0000000, 0x00000000ca080000, 0x00000000eab00000)
  object space 164352K, 94% used [0x00000000c0000000,0x00000000c9759880,0x00000000ca080000)
 Metaspace       used 99440K, committed 100672K, reserved 1179648K
  class space    used 9759K, committed 10304K, reserved 1048576K
}
Event: 10700.539 GC heap before
{Heap before GC invocations=4276 (full 60):
 PSYoungGen      total 5632K, used 4605K [0x00000000eab00000, 0x00000000eb300000, 0x0000000100000000)
  eden space 2560K, 91% used [0x00000000eab00000,0x00000000ead477f0,0x00000000ead80000)
  from space 3072K, 73% used [0x00000000ead80000,0x00000000eafb7c98,0x00000000eb080000)
  to   space 2560K, 0% used [0x00000000eb080000,0x00000000eb080000,0x00000000eb300000)
 ParOldGen       total 164352K, used 154982K [0x00000000c0000000, 0x00000000ca080000, 0x00000000eab00000)
  object space 164352K, 94% used [0x00000000c0000000,0x00000000c9759880,0x00000000ca080000)
 Metaspace       used 99440K, committed 100672K, reserved 1179648K
  class space    used 9759K, committed 10304K, reserved 1048576K
}
Event: 10700.546 GC heap after
{Heap after GC invocations=4276 (full 60):
 PSYoungGen      total 4608K, used 1456K [0x00000000eab00000, 0x00000000eb200000, 0x0000000100000000)
  eden space 3072K, 0% used [0x00000000eab00000,0x00000000eab00000,0x00000000eae00000)
  from space 1536K, 94% used [0x00000000eb080000,0x00000000eb1ec000,0x00000000eb200000)
  to   space 2048K, 0% used [0x00000000eae00000,0x00000000eae00000,0x00000000eb000000)
 ParOldGen       total 164352K, used 156911K [0x00000000c0000000, 0x00000000ca080000, 0x00000000eab00000)
  object space 164352K, 95% used [0x00000000c0000000,0x00000000c993bd98,0x00000000ca080000)
 Metaspace       used 99440K, committed 100672K, reserved 1179648K
  class space    used 9759K, committed 10304K, reserved 1048576K
}
Event: 10700.603 GC heap before
{Heap before GC invocations=4277 (full 60):
 PSYoungGen      total 4608K, used 4528K [0x00000000eab00000, 0x00000000eb200000, 0x0000000100000000)
  eden space 3072K, 100% used [0x00000000eab00000,0x00000000eae00000,0x00000000eae00000)
  from space 1536K, 94% used [0x00000000eb080000,0x00000000eb1ec000,0x00000000eb200000)
  to   space 2048K, 0% used [0x00000000eae00000,0x00000000eae00000,0x00000000eb000000)
 ParOldGen       total 164352K, used 156911K [0x00000000c0000000, 0x00000000ca080000, 0x00000000eab00000)
  object space 164352K, 95% used [0x00000000c0000000,0x00000000c993bd98,0x00000000ca080000)
 Metaspace       used 99440K, committed 100672K, reserved 1179648K
  class space    used 9759K, committed 10304K, reserved 1048576K
}
Event: 10700.612 GC heap after
{Heap after GC invocations=4277 (full 60):
 PSYoungGen      total 5120K, used 1984K [0x00000000eab00000, 0x00000000eb400000, 0x0000000100000000)
  eden space 3072K, 0% used [0x00000000eab00000,0x00000000eab00000,0x00000000eae00000)
  from space 2048K, 96% used [0x00000000eae00000,0x00000000eaff0000,0x00000000eb000000)
  to   space 2560K, 0% used [0x00000000eb180000,0x00000000eb180000,0x00000000eb400000)
 ParOldGen       total 164352K, used 157871K [0x00000000c0000000, 0x00000000ca080000, 0x00000000eab00000)
  object space 164352K, 96% used [0x00000000c0000000,0x00000000c9a2bd98,0x00000000ca080000)
 Metaspace       used 99440K, committed 100672K, reserved 1179648K
  class space    used 9759K, committed 10304K, reserved 1048576K
}
Event: 10700.620 GC heap before
{Heap before GC invocations=4278 (full 60):
 PSYoungGen      total 5120K, used 5056K [0x00000000eab00000, 0x00000000eb400000, 0x0000000100000000)
  eden space 3072K, 100% used [0x00000000eab00000,0x00000000eae00000,0x00000000eae00000)
  from space 2048K, 96% used [0x00000000eae00000,0x00000000eaff0000,0x00000000eb000000)
  to   space 2560K, 0% used [0x00000000eb180000,0x00000000eb180000,0x00000000eb400000)
 ParOldGen       total 164352K, used 157871K [0x00000000c0000000, 0x00000000ca080000, 0x00000000eab00000)
  object space 164352K, 96% used [0x00000000c0000000,0x00000000c9a2bd98,0x00000000ca080000)
 Metaspace       used 99440K, committed 100672K, reserved 1179648K
  class space    used 9759K, committed 10304K, reserved 1048576K
}
Event: 10700.626 GC heap after
{Heap after GC invocations=4278 (full 60):
 PSYoungGen      total 4096K, used 2536K [0x00000000eab00000, 0x00000000eb900000, 0x0000000100000000)
  eden space 1536K, 0% used [0x00000000eab00000,0x00000000eab00000,0x00000000eac80000)
  from space 2560K, 99% used [0x00000000eb180000,0x00000000eb3fa170,0x00000000eb400000)
  to   space 5120K, 0% used [0x00000000eac80000,0x00000000eac80000,0x00000000eb180000)
 ParOldGen       total 164352K, used 159695K [0x00000000c0000000, 0x00000000ca080000, 0x00000000eab00000)
  object space 164352K, 97% used [0x00000000c0000000,0x00000000c9bf3d98,0x00000000ca080000)
 Metaspace       used 99440K, committed 100672K, reserved 1179648K
  class space    used 9759K, committed 10304K, reserved 1048576K
}
Event: 10700.631 GC heap before
{Heap before GC invocations=4279 (full 60):
 PSYoungGen      total 4096K, used 4072K [0x00000000eab00000, 0x00000000eb900000, 0x0000000100000000)
  eden space 1536K, 100% used [0x00000000eab00000,0x00000000eac80000,0x00000000eac80000)
  from space 2560K, 99% used [0x00000000eb180000,0x00000000eb3fa170,0x00000000eb400000)
  to   space 5120K, 0% used [0x00000000eac80000,0x00000000eac80000,0x00000000eb180000)
 ParOldGen       total 164352K, used 159695K [0x00000000c0000000, 0x00000000ca080000, 0x00000000eab00000)
  object space 164352K, 97% used [0x00000000c0000000,0x00000000c9bf3d98,0x00000000ca080000)
 Metaspace       used 99440K, committed 100672K, reserved 1179648K
  class space    used 9759K, committed 10304K, reserved 1048576K
}
Event: 10700.637 GC heap after
{Heap after GC invocations=4279 (full 60):
 PSYoungGen      total 3072K, used 1186K [0x00000000eab00000, 0x00000000eb200000, 0x0000000100000000)
  eden space 1536K, 0% used [0x00000000eab00000,0x00000000eab00000,0x00000000eac80000)
  from space 1536K, 77% used [0x00000000eac80000,0x00000000eada8850,0x00000000eae00000)
  to   space 2560K, 0% used [0x00000000eaf80000,0x00000000eaf80000,0x00000000eb200000)
 ParOldGen       total 164352K, used 162151K [0x00000000c0000000, 0x00000000ca080000, 0x00000000eab00000)
  object space 164352K, 98% used [0x00000000c0000000,0x00000000c9e59f08,0x00000000ca080000)
 Metaspace       used 99440K, committed 100672K, reserved 1179648K
  class space    used 9759K, committed 10304K, reserved 1048576K
}
Event: 10700.642 GC heap before
{Heap before GC invocations=4280 (full 61):
 PSYoungGen      total 3072K, used 2722K [0x00000000eab00000, 0x00000000eb200000, 0x0000000100000000)
  eden space 1536K, 100% used [0x00000000eab00000,0x00000000eac80000,0x00000000eac80000)
  from space 1536K, 77% used [0x00000000eac80000,0x00000000eada8850,0x00000000eae00000)
  to   space 2560K, 0% used [0x00000000eaf80000,0x00000000eaf80000,0x00000000eb200000)
 ParOldGen       total 164352K, used 162151K [0x00000000c0000000, 0x00000000ca080000, 0x00000000eab00000)
  object space 164352K, 98% used [0x00000000c0000000,0x00000000c9e59f08,0x00000000ca080000)
 Metaspace       used 99440K, committed 100672K, reserved 1179648K
  class space    used 9759K, committed 10304K, reserved 1048576K
}
Event: 10700.869 GC heap after
{Heap after GC invocations=4280 (full 61):
 PSYoungGen      total 4608K, used 0K [0x00000000eab00000, 0x00000000eb200000, 0x0000000100000000)
  eden space 2048K, 0% used [0x00000000eab00000,0x00000000eab00000,0x00000000ead00000)
  from space 2560K, 0% used [0x00000000eaf80000,0x00000000eaf80000,0x00000000eb200000)
  to   space 2560K, 0% used [0x00000000ead00000,0x00000000ead00000,0x00000000eaf80000)
 ParOldGen       total 171520K, used 127901K [0x00000000c0000000, 0x00000000ca780000, 0x00000000eab00000)
  object space 171520K, 74% used [0x00000000c0000000,0x00000000c7ce7518,0x00000000ca780000)
 Metaspace       used 99440K, committed 100672K, reserved 1179648K
  class space    used 9759K, committed 10304K, reserved 1048576K
}
Event: 10700.876 GC heap before
{Heap before GC invocations=4281 (full 61):
 PSYoungGen      total 4608K, used 1901K [0x00000000eab00000, 0x00000000eb200000, 0x0000000100000000)
  eden space 2048K, 92% used [0x00000000eab00000,0x00000000eacdb570,0x00000000ead00000)
  from space 2560K, 0% used [0x00000000eaf80000,0x00000000eaf80000,0x00000000eb200000)
  to   space 2560K, 0% used [0x00000000ead00000,0x00000000ead00000,0x00000000eaf80000)
 ParOldGen       total 171520K, used 127901K [0x00000000c0000000, 0x00000000ca780000, 0x00000000eab00000)
  object space 171520K, 74% used [0x00000000c0000000,0x00000000c7ce7518,0x00000000ca780000)
 Metaspace       used 99441K, committed 100672K, reserved 1179648K
  class space    used 9759K, committed 10304K, reserved 1048576K
}
Event: 10700.878 GC heap after
{Heap after GC invocations=4281 (full 61):
 PSYoungGen      total 3072K, used 840K [0x00000000eab00000, 0x00000000eb080000, 0x0000000100000000)
  eden space 2048K, 0% used [0x00000000eab00000,0x00000000eab00000,0x00000000ead00000)
  from space 1024K, 82% used [0x00000000ead00000,0x00000000eadd2020,0x00000000eae00000)
  to   space 1536K, 0% used [0x00000000eaf00000,0x00000000eaf00000,0x00000000eb080000)
 ParOldGen       total 171520K, used 127901K [0x00000000c0000000, 0x00000000ca780000, 0x00000000eab00000)
  object space 171520K, 74% used [0x00000000c0000000,0x00000000c7ce7518,0x00000000ca780000)
 Metaspace       used 99441K, committed 100672K, reserved 1179648K
  class space    used 9759K, committed 10304K, reserved 1048576K
}
Event: 10700.884 GC heap before
{Heap before GC invocations=4282 (full 61):
 PSYoungGen      total 3072K, used 2888K [0x00000000eab00000, 0x00000000eb080000, 0x0000000100000000)
  eden space 2048K, 100% used [0x00000000eab00000,0x00000000ead00000,0x00000000ead00000)
  from space 1024K, 82% used [0x00000000ead00000,0x00000000eadd2020,0x00000000eae00000)
  to   space 1536K, 0% used [0x00000000eaf00000,0x00000000eaf00000,0x00000000eb080000)
 ParOldGen       total 171520K, used 127901K [0x00000000c0000000, 0x00000000ca780000, 0x00000000eab00000)
  object space 171520K, 74% used [0x00000000c0000000,0x00000000c7ce7518,0x00000000ca780000)
 Metaspace       used 99441K, committed 100672K, reserved 1179648K
  class space    used 9759K, committed 10304K, reserved 1048576K
}
Event: 10700.889 GC heap after
{Heap after GC invocations=4282 (full 61):
 PSYoungGen      total 4096K, used 1016K [0x00000000eab00000, 0x00000000eb080000, 0x0000000100000000)
  eden space 2560K, 0% used [0x00000000eab00000,0x00000000eab00000,0x00000000ead80000)
  from space 1536K, 66% used [0x00000000eaf00000,0x00000000eaffe000,0x00000000eb080000)
  to   space 1536K, 0% used [0x00000000ead80000,0x00000000ead80000,0x00000000eaf00000)
 ParOldGen       total 171520K, used 128309K [0x00000000c0000000, 0x00000000ca780000, 0x00000000eab00000)
  object space 171520K, 74% used [0x00000000c0000000,0x00000000c7d4d538,0x00000000ca780000)
 Metaspace       used 99441K, committed 100672K, reserved 1179648K
  class space    used 9759K, committed 10304K, reserved 1048576K
}
Event: 10700.899 GC heap before
{Heap before GC invocations=4283 (full 61):
 PSYoungGen      total 4096K, used 3576K [0x00000000eab00000, 0x00000000eb080000, 0x0000000100000000)
  eden space 2560K, 100% used [0x00000000eab00000,0x00000000ead80000,0x00000000ead80000)
  from space 1536K, 66% used [0x00000000eaf00000,0x00000000eaffe000,0x00000000eb080000)
  to   space 1536K, 0% used [0x00000000ead80000,0x00000000ead80000,0x00000000eaf00000)
 ParOldGen       total 171520K, used 128309K [0x00000000c0000000, 0x00000000ca780000, 0x00000000eab00000)
  object space 171520K, 74% used [0x00000000c0000000,0x00000000c7d4d538,0x00000000ca780000)
 Metaspace       used 99441K, committed 100672K, reserved 1179648K
  class space    used 9759K, committed 10304K, reserved 1048576K
}
Event: 10700.904 GC heap after
{Heap after GC invocations=4283 (full 61):
 PSYoungGen      total 4096K, used 1536K [0x00000000eab00000, 0x00000000eb080000, 0x0000000100000000)
  eden space 2560K, 0% used [0x00000000eab00000,0x00000000eab00000,0x00000000ead80000)
  from space 1536K, 100% used [0x00000000ead80000,0x00000000eaf00000,0x00000000eaf00000)
  to   space 1536K, 0% used [0x00000000eaf00000,0x00000000eaf00000,0x00000000eb080000)
 ParOldGen       total 171520K, used 128909K [0x00000000c0000000, 0x00000000ca780000, 0x00000000eab00000)
  object space 171520K, 75% used [0x00000000c0000000,0x00000000c7de3538,0x00000000ca780000)
 Metaspace       used 99441K, committed 100672K, reserved 1179648K
  class space    used 9759K, committed 10304K, reserved 1048576K
}

